<?xml version="1.0" encoding="UTF-8"?>
<!-- Generated by org.testng.reporters.JUnitXMLReporter -->
<testsuite ignored="0" hostname="TYSS-Rakesh-B" failures="0" tests="3" name="Test" time="15.686" errors="0" timestamp="2024-05-02T11:50:40 IST">
  <testcase classname="testscripts.TestCase01" name="royalEnfieldTestCase" time="6.828"/>
  <testcase classname="testscripts.TestCase02" name="jawaMotorsTestCase" time="3.726"/>
  <testcase classname="testscripts.TestCase03" name="ktmTestCase" time="5.096"/>
</testsuite> <!-- Test -->
