<?xml version="1.0" encoding="UTF-8"?>
<testng-results ignored="0" total="3" passed="3" failed="0" skipped="0">
  <reporter-output>
    <line>
      <![CDATA[Royal Enfield Test Case Pass..]]>
    </line>
    <line>
      <![CDATA[Jawa Motors Test Case Pass..]]>
    </line>
    <line>
      <![CDATA[KTM Test Case Pass..]]>
    </line>
  </reporter-output>
  <suite started-at="2024-05-02T11:50:24 IST" name="Suite" finished-at="2024-05-02T11:50:40 IST" duration-ms="15686">
    <groups>
    </groups>
    <test started-at="2024-05-02T11:50:24 IST" name="Test" finished-at="2024-05-02T11:50:40 IST" duration-ms="15686">
      <class name="testscripts.TestCase02">
        <test-method signature="jawaMotorsTestCase()[pri:0, instance:testscripts.TestCase02@41fbdac4]" started-at="2024-05-02T11:50:31 IST" name="jawaMotorsTestCase" finished-at="2024-05-02T11:50:35 IST" duration-ms="3726" status="PASS">
          <reporter-output>
            <line>
              <![CDATA[Jawa Motors Test Case Pass..]]>
            </line>
          </reporter-output>
        </test-method> <!-- jawaMotorsTestCase -->
      </class> <!-- testscripts.TestCase02 -->
      <class name="testscripts.TestCase03">
        <test-method signature="ktmTestCase()[pri:0, instance:testscripts.TestCase03@3c407114]" started-at="2024-05-02T11:50:35 IST" name="ktmTestCase" finished-at="2024-05-02T11:50:40 IST" duration-ms="5096" status="PASS">
          <reporter-output>
            <line>
              <![CDATA[KTM Test Case Pass..]]>
            </line>
          </reporter-output>
        </test-method> <!-- ktmTestCase -->
      </class> <!-- testscripts.TestCase03 -->
      <class name="testscripts.TestCase01">
        <test-method signature="royalEnfieldTestCase()[pri:0, instance:testscripts.TestCase01@1725dc0f]" started-at="2024-05-02T11:50:24 IST" name="royalEnfieldTestCase" finished-at="2024-05-02T11:50:31 IST" duration-ms="6828" status="PASS">
          <reporter-output>
            <line>
              <![CDATA[Royal Enfield Test Case Pass..]]>
            </line>
          </reporter-output>
        </test-method> <!-- royalEnfieldTestCase -->
      </class> <!-- testscripts.TestCase01 -->
    </test> <!-- Test -->
  </suite> <!-- Suite -->
</testng-results>
